# JRE version: OpenJDK Runtime Environment (11.0.11+9) (build 11.0.11+9-b60-7590822)
# Java VM: OpenJDK 64-Bit Server VM (11.0.11+9-b60-7590822, mixed mode, tiered, compressed oops, g1 gc, windows-amd64)
Heap:
 garbage-first heap   total 396288K, used 231831K [0x0000000080000000, 0x0000000100000000)
  region size 1024K, 44 young (45056K), 6 survivors (6144K)
 Metaspace       used 153340K, capacity 156850K, committed 157516K, reserved 1187840K
  class space    used 18521K, capacity 19873K, committed 20136K, reserved 1048576K
GC Heap History (20 events):
Event: 2550.746 GC heap before
{Heap before GC invocations=124 (full 0):
 garbage-first heap   total 270336K, used 232748K [0x0000000080000000, 0x0000000100000000)
  region size 1024K, 64 young (65536K), 4 survivors (4096K)
 Metaspace       used 152916K, capacity 156702K, committed 157004K, reserved 1185792K
  class space    used 18624K, capacity 20072K, committed 20136K, reserved 1048576K
}
Event: 2550.753 GC heap after
{Heap after GC invocations=125 (full 0):
 garbage-first heap   total 270336K, used 171526K [0x0000000080000000, 0x0000000100000000)
  region size 1024K, 3 young (3072K), 3 survivors (3072K)
 Metaspace       used 152916K, capacity 156702K, committed 157004K, reserved 1185792K
  class space    used 18624K, capacity 20072K, committed 20136K, reserved 1048576K
}
Event: 2550.952 GC heap before
{Heap before GC invocations=125 (full 0):
 garbage-first heap   total 270336K, used 232966K [0x0000000080000000, 0x0000000100000000)
  region size 1024K, 64 young (65536K), 3 survivors (3072K)
 Metaspace       used 153029K, capacity 156792K, committed 157004K, reserved 1185792K
  class space    used 18628K, capacity 20078K, committed 20136K, reserved 1048576K
}
Event: 2550.960 GC heap after
{Heap after GC invocations=126 (full 0):
 garbage-first heap   total 270336K, used 172623K [0x0000000080000000, 0x0000000100000000)
  region size 1024K, 5 young (5120K), 5 survivors (5120K)
 Metaspace       used 153029K, capacity 156792K, committed 157004K, reserved 1185792K
  class space    used 18628K, capacity 20078K, committed 20136K, reserved 1048576K
}
Event: 2551.154 GC heap before
{Heap before GC invocations=126 (full 0):
 garbage-first heap   total 270336K, used 233039K [0x0000000080000000, 0x0000000100000000)
  region size 1024K, 65 young (66560K), 5 survivors (5120K)
 Metaspace       used 153191K, capacity 156968K, committed 157260K, reserved 1187840K
  class space    used 18633K, capacity 20087K, committed 20136K, reserved 1048576K
}
Event: 2551.160 GC heap after
{Heap after GC invocations=127 (full 0):
 garbage-first heap   total 270336K, used 171221K [0x0000000080000000, 0x0000000100000000)
  region size 1024K, 3 young (3072K), 3 survivors (3072K)
 Metaspace       used 153191K, capacity 156968K, committed 157260K, reserved 1187840K
  class space    used 18633K, capacity 20087K, committed 20136K, reserved 1048576K
}
Event: 2551.380 GC heap before
{Heap before GC invocations=127 (full 0):
 garbage-first heap   total 270336K, used 233685K [0x0000000080000000, 0x0000000100000000)
  region size 1024K, 65 young (66560K), 3 survivors (3072K)
 Metaspace       used 153360K, capacity 157128K, committed 157260K, reserved 1187840K
  class space    used 18637K, capacity 20090K, committed 20136K, reserved 1048576K
}
Event: 2551.387 GC heap after
{Heap after GC invocations=128 (full 0):
 garbage-first heap   total 270336K, used 171594K [0x0000000080000000, 0x0000000100000000)
  region size 1024K, 4 young (4096K), 4 survivors (4096K)
 Metaspace       used 153360K, capacity 157128K, committed 157260K, reserved 1187840K
  class space    used 18637K, capacity 20090K, committed 20136K, reserved 1048576K
}
Event: 2551.614 GC heap before
{Heap before GC invocations=128 (full 0):
 garbage-first heap   total 270336K, used 233034K [0x0000000080000000, 0x0000000100000000)
  region size 1024K, 65 young (66560K), 4 survivors (4096K)
 Metaspace       used 153486K, capacity 157272K, committed 157516K, reserved 1187840K
  class space    used 18637K, capacity 20090K, committed 20136K, reserved 1048576K
}
Event: 2551.620 GC heap after
{Heap after GC invocations=129 (full 0):
 garbage-first heap   total 270336K, used 170502K [0x0000000080000000, 0x0000000100000000)
  region size 1024K, 2 young (2048K), 2 survivors (2048K)
 Metaspace       used 153486K, capacity 157272K, committed 157516K, reserved 1187840K
  class space    used 18637K, capacity 20090K, committed 20136K, reserved 1048576K
}
Event: 2551.781 GC heap before
{Heap before GC invocations=129 (full 0):
 garbage-first heap   total 270336K, used 233990K [0x0000000080000000, 0x0000000100000000)
  region size 1024K, 65 young (66560K), 2 survivors (2048K)
 Metaspace       used 153543K, capacity 157280K, committed 157516K, reserved 1187840K
  class space    used 18638K, capacity 20091K, committed 20136K, reserved 1048576K
}
Event: 2551.789 GC heap after
{Heap after GC invocations=130 (full 0):
 garbage-first heap   total 270336K, used 172204K [0x0000000080000000, 0x0000000100000000)
  region size 1024K, 4 young (4096K), 4 survivors (4096K)
 Metaspace       used 153543K, capacity 157280K, committed 157516K, reserved 1187840K
  class space    used 18638K, capacity 20091K, committed 20136K, reserved 1048576K
}
Event: 2552.006 GC heap before
{Heap before GC invocations=130 (full 0):
 garbage-first heap   total 270336K, used 237740K [0x0000000080000000, 0x0000000100000000)
  region size 1024K, 70 young (71680K), 4 survivors (4096K)
 Metaspace       used 153647K, capacity 157425K, committed 157516K, reserved 1187840K
  class space    used 18642K, capacity 20093K, committed 20136K, reserved 1048576K
}
Event: 2552.014 GC heap after
{Heap after GC invocations=131 (full 0):
 garbage-first heap   total 270336K, used 172494K [0x0000000080000000, 0x0000000100000000)
  region size 1024K, 4 young (4096K), 4 survivors (4096K)
 Metaspace       used 153647K, capacity 157425K, committed 157516K, reserved 1187840K
  class space    used 18642K, capacity 20093K, committed 20136K, reserved 1048576K
}
Event: 2552.183 GC heap before
{Heap before GC invocations=131 (full 0):
 garbage-first heap   total 270336K, used 237006K [0x0000000080000000, 0x0000000100000000)
  region size 1024K, 67 young (68608K), 4 survivors (4096K)
 Metaspace       used 153658K, capacity 157427K, committed 157516K, reserved 1187840K
  class space    used 18642K, capacity 20093K, committed 20136K, reserved 1048576K
}
Event: 2552.197 GC heap after
{Heap after GC invocations=132 (full 0):
 garbage-first heap   total 270336K, used 183847K [0x0000000080000000, 0x0000000100000000)
  region size 1024K, 9 young (9216K), 9 survivors (9216K)
 Metaspace       used 153658K, capacity 157427K, committed 157516K, reserved 1187840K
  class space    used 18642K, capacity 20093K, committed 20136K, reserved 1048576K
}
Event: 2552.282 GC heap before
{Heap before GC invocations=132 (full 0):
 garbage-first heap   total 270336K, used 230951K [0x0000000080000000, 0x0000000100000000)
  region size 1024K, 55 young (56320K), 9 survivors (9216K)
 Metaspace       used 153662K, capacity 157427K, committed 157516K, reserved 1187840K
  class space    used 18642K, capacity 20093K, committed 20136K, reserved 1048576K
}
Event: 2552.304 GC heap after
{Heap after GC invocations=133 (full 0):
 garbage-first heap   total 270336K, used 187951K [0x0000000080000000, 0x0000000100000000)
  region size 1024K, 7 young (7168K), 7 survivors (7168K)
 Metaspace       used 153662K, capacity 157427K, committed 157516K, reserved 1187840K
  class space    used 18642K, capacity 20093K, committed 20136K, reserved 1048576K
}
Event: 2552.472 GC heap before
{Heap before GC invocations=133 (full 0):
 garbage-first heap   total 270336K, used 228911K [0x0000000080000000, 0x0000000100000000)
  region size 1024K, 48 young (49152K), 7 survivors (7168K)
 Metaspace       used 153693K, capacity 157437K, committed 157516K, reserved 1187840K
  class space    used 18643K, capacity 20093K, committed 20136K, reserved 1048576K
}
Event: 2552.492 GC heap after
{Heap after GC invocations=134 (full 0):
 garbage-first heap   total 396288K, used 193943K [0x0000000080000000, 0x0000000100000000)
  region size 1024K, 6 young (6144K), 6 survivors (6144K)
 Metaspace       used 153693K, capacity 157437K, committed 157516K, reserved 1187840K
  class space    used 18643K, capacity 20093K, committed 20136K, reserved 1048576K
}

